<?xml version="1.0" encoding="UTF-8"?>
<!-- Generated by org.testng.reporters.JUnitReportReporter -->
<testsuite skipped="0" hostname="DESKTOP-LK7NIRS" name="com.ama.qa.testcases.HomePageTest" tests="3" failures="0" timestamp="26 Mar 2020 01:39:31 GMT" time="95.266" errors="0">
  <testcase name="verifyHomePageTitleTest" time="32.573" classname="com.ama.qa.testcases.HomePageTest"/>
  <testcase name="verifyUserTest" time="28.690" classname="com.ama.qa.testcases.HomePageTest"/>
  <testcase name="verifyContactsLinkTest" time="34.003" classname="com.ama.qa.testcases.HomePageTest"/>
</testsuite> <!-- com.ama.qa.testcases.HomePageTest -->
