<?xml version="1.0" encoding="UTF-8"?>
<!-- Generated by org.testng.reporters.JUnitReportReporter -->
<testsuite skipped="0" hostname="DESKTOP-LK7NIRS" name="com.ama.qa.testcases.LoginPageTest" tests="1" failures="0" timestamp="26 Mar 2020 01:39:31 GMT" time="41.326" errors="0">
  <testcase name="Validatelogin" time="41.326" classname="com.ama.qa.testcases.LoginPageTest"/>
</testsuite> <!-- com.ama.qa.testcases.LoginPageTest -->
